"a","Outside edit","","","1655948027232","Shape.kt","1.1.3 for 2021-2022 @t1",
"a","Outside edit","","","1655948027233","Shape.kt","1.1.3 for 2021-2022 @t1",
"a","Outside edit","","","1655948027233","Point.kt","1.1.3 for 2021-2022 @t1",
"a","Outside edit","","","1655948027233","Line.kt","1.1.3 for 2021-2022 @t1",
"a","Outside edit","","","1655948027233","Coordinate.kt","1.1.3 for 2021-2022 @t1",
"a","Outside edit","","","1655948027233","Rectangle.kt","1.1.3 for 2021-2022 @t1",
"a","Outside edit","","","1655948027234","Square.kt","1.1.3 for 2021-2022 @t1",
"a","Outside edit","","","1655948027235","Ellipsis.kt","1.1.3 for 2021-2022 @t1",
"a","Outside edit","","","1655948027235","Ellipse.kt","1.1.3 for 2021-2022 @t1",
"a","Outside edit","","","1655948027235","Circle.kt","1.1.3 for 2021-2022 @t1",
"a","Outside edit","","","1655948027236","Triangle.kt","1.1.3 for 2021-2022 @t1",
"a","Outside edit","","","1655948027236","PointTest.kt","1.1.3 for 2021-2022 @t1",
"a","Outside edit","","","1655948027236","PointTest0.java","1.1.3 for 2021-2022 @t1",
"a","Outside edit","","","1655948027236","LineTest.java","1.1.3 for 2021-2022 @t1",
"a","Outside edit","","","1655948027236","LineTest.kt","1.1.3 for 2021-2022 @t1",
"a","Outside edit","","","1655948027237","RectangleTest.java","1.1.3 for 2021-2022 @t1",
"a","Outside edit","","","1655948027237","RectangleTest.kt","1.1.3 for 2021-2022 @t1",
"a","Outside edit","","","1655948027237","CoordinateTest.java","1.1.3 for 2021-2022 @t1",
"a","Outside edit","","","1655948027237","CoordinateTest.kt","1.1.3 for 2021-2022 @t1",
"a","Outside edit","","","1655948027237","SquareTest.java","1.1.3 for 2021-2022 @t1",
"a","Outside edit","","","1655948027238","SquareTest.kt","1.1.3 for 2021-2022 @t1",
"a","Outside edit","","","1655948027238","EllipseTest.java","1.1.3 for 2021-2022 @t1",
"a","Outside edit","","","1655948027238",".gitignore","1.1.3 for 2021-2022 @t1",
"a","Outside edit","","","1655948027239","gradle-wrapper.properties","1.1.3 for 2021-2022 @t1",
"a","Outside edit","","","1655948027239","misc.xml","1.1.3 for 2021-2022 @t1",
"a","Outside edit","","","1655948027239","workspace.xml","1.1.3 for 2021-2022 @t1",
"a","Outside edit","","","1655948027240","TrackerViewHelper.kt","1.1.3 for 2021-2022 @t1",
"a","Outside edit","","","1655948027240","State.kt","1.1.3 for 2021-2022 @t1",
"a","Outside edit","","","1655948027240","TrackerViewHelper.kt","1.1.3 for 2021-2022 @t1",
"a","Outside edit","","","1655948027240","workspace.xml","1.1.3 for 2021-2022 @t1",
"a","Outside edit","","","1655948027240","Shipment.kt","1.1.3 for 2021-2022 @t1",
"a","Outside edit","","","1655948027241","Status.kt","1.1.3 for 2021-2022 @t1",
"a","Outside edit","","","1655948027241","ShipmentUpdate.kt","1.1.3 for 2021-2022 @t1",
"a","Outside edit","","","1655948027241","TrackingSimulator.kt","1.1.3 for 2021-2022 @t1",
"a","Outside edit","","","1655948027241","Main.kt","1.1.3 for 2021-2022 @t1",
"a","Outside edit","","","1655948027241","ShippingUpdate.kt","1.1.3 for 2021-2022 @t1",
"a","Outside edit","","","1655948027242","StatusStrategy.kt","1.1.3 for 2021-2022 @t1",
"a","Outside edit","","","1655948027242","CreatedStrategy.kt","1.1.3 for 2021-2022 @t1",
"a","Outside edit","","","1655948027242","AddNoteStatusStrategy.kt","1.1.3 for 2021-2022 @t1",
"a","Outside edit","","","1655948027242","ShippedStatusStrategy.kt","1.1.3 for 2021-2022 @t1",
"a","Outside edit","","","1655948027242","LocationStatusStrategy.kt","1.1.3 for 2021-2022 @t1",
"a","Outside edit","","","1655948027243","DeliveredStatusStrategy.kt","1.1.3 for 2021-2022 @t1",
"a","Outside edit","","","1655948027243","DelayedStatusStrategy.kt","1.1.3 for 2021-2022 @t1",
"a","Outside edit","","","1655948027243","LostStatusStrategy.kt","1.1.3 for 2021-2022 @t1",
"a","Outside edit","","","1655948027243","CancelledStatusStrategy.kt","1.1.3 for 2021-2022 @t1",
"a","Outside edit","","","1655948027244","CreatedStatusStrategy.kt","1.1.3 for 2021-2022 @t1",
"a","Outside edit","","","1655948027244","NoteAddedStatusStrategy.kt","1.1.3 for 2021-2022 @t1",
"a","Outside edit","","","1655948027244","StatusStrategy.kt","1.1.3 for 2021-2022 @t1",
"a","Outside edit","","","1655948027244","DeliveredStatusStrategy.kt","1.1.3 for 2021-2022 @t1",
"a","Outside edit","","","1655948027245","ShippedStatusStrategy.kt","1.1.3 for 2021-2022 @t1",
"a","Outside edit","","","1655948027245","LostStatusStrategy.kt","1.1.3 for 2021-2022 @t1",
"a","Outside edit","","","1655948027245","NoteAddedStatusStrategy.kt","1.1.3 for 2021-2022 @t1",
"a","Outside edit","","","1655948027245","LocationStatusStrategy.kt","1.1.3 for 2021-2022 @t1",
"a","Outside edit","","","1655948027246","DelayedStatusStrategy.kt","1.1.3 for 2021-2022 @t1",
"a","Outside edit","","","1655948027246","CreatedStatusStrategy.kt","1.1.3 for 2021-2022 @t1",
"a","Outside edit","","","1655948027246","CancelledStatusStrategy.kt","1.1.3 for 2021-2022 @t1",
"a","Outside edit","","","1655948027246","Observer.kt","1.1.3 for 2021-2022 @t1",
"a","Outside edit","","","1655948027247","Observable.kt","1.1.3 for 2021-2022 @t1",
"a","Outside edit","","","1655948027253","Shape.kt","1.1.3 for 2021-2022 @t1",
"a","Outside edit","","","1655948027253","Shape.kt","1.1.3 for 2021-2022 @t1",
"a","Outside edit","","","1655948027253","Point.kt","1.1.3 for 2021-2022 @t1",
"a","Outside edit","","","1655948027254","Line.kt","1.1.3 for 2021-2022 @t1",
"a","Outside edit","","","1655948027254","Coordinate.kt","1.1.3 for 2021-2022 @t1",
"a","Outside edit","","","1655948027254","Rectangle.kt","1.1.3 for 2021-2022 @t1",
"a","Outside edit","","","1655948027254","Square.kt","1.1.3 for 2021-2022 @t1",
"a","Outside edit","","","1655948027255","Ellipsis.kt","1.1.3 for 2021-2022 @t1",
"a","Outside edit","","","1655948027255","Ellipse.kt","1.1.3 for 2021-2022 @t1",
"a","Outside edit","","","1655948027255","Circle.kt","1.1.3 for 2021-2022 @t1",
"a","Outside edit","","","1655948027255","Triangle.kt","1.1.3 for 2021-2022 @t1",
"a","Outside edit","","","1655948027256","PointTest.kt","1.1.3 for 2021-2022 @t1",
"a","Outside edit","","","1655948027256","PointTest0.java","1.1.3 for 2021-2022 @t1",
"a","Outside edit","","","1655948027256","LineTest.java","1.1.3 for 2021-2022 @t1",
"a","Outside edit","","","1655948027256","LineTest.kt","1.1.3 for 2021-2022 @t1",
"a","Outside edit","","","1655948027256","RectangleTest.java","1.1.3 for 2021-2022 @t1",
"a","Outside edit","","","1655948027257","RectangleTest.kt","1.1.3 for 2021-2022 @t1",
"a","Outside edit","","","1655948027257","CoordinateTest.java","1.1.3 for 2021-2022 @t1",
"a","Outside edit","","","1655948027257","CoordinateTest.kt","1.1.3 for 2021-2022 @t1",
"a","Outside edit","","","1655948027257","SquareTest.java","1.1.3 for 2021-2022 @t1",
"a","Outside edit","","","1655948027258","SquareTest.kt","1.1.3 for 2021-2022 @t1",
"a","Outside edit","","","1655948027258","EllipseTest.java","1.1.3 for 2021-2022 @t1",
"a","Outside edit","","","1655948027258",".gitignore","1.1.3 for 2021-2022 @t1",
"a","Outside edit","","","1655948027258","gradle-wrapper.properties","1.1.3 for 2021-2022 @t1",
"a","Outside edit","","","1655948027259","misc.xml","1.1.3 for 2021-2022 @t1",
"a","Outside edit","","","1655948027259","workspace.xml","1.1.3 for 2021-2022 @t1",
"a","Outside edit","","","1655948027259","TrackerViewHelper.kt","1.1.3 for 2021-2022 @t1",
"a","Outside edit","","","1655948027259","State.kt","1.1.3 for 2021-2022 @t1",
"a","Outside edit","","","1655948027260","CreatedStatusStrategy.kt","1.1.3 for 2021-2022 @t1",
"a","Outside edit","","","1655948027260","Shipment.kt","1.1.3 for 2021-2022 @t1",
"a","Outside edit","","","1655948027260","Observable.kt","1.1.3 for 2021-2022 @t1",
"a","Outside edit","","","1655948027260","Observer.kt","1.1.3 for 2021-2022 @t1",
"a","Outside edit","","","1655948027261","StatusStrategy.kt","1.1.3 for 2021-2022 @t1",
"a","Outside edit","","","1655948027261","TrackingSimulator.kt","1.1.3 for 2021-2022 @t1",
"a","Outside edit","","","1655948027267","Shape.kt","1.1.3 for 2021-2022 @t1",
"a","Outside edit","","","1655948027267","Shape.kt","1.1.3 for 2021-2022 @t1",
"a","Outside edit","","","1655948027268","Point.kt","1.1.3 for 2021-2022 @t1",
"a","Outside edit","","","1655948027268","Line.kt","1.1.3 for 2021-2022 @t1",
"a","Outside edit","","","1655948027268","Coordinate.kt","1.1.3 for 2021-2022 @t1",
"a","Outside edit","","","1655948027268","Rectangle.kt","1.1.3 for 2021-2022 @t1",
"a","Outside edit","","","1655948027268","Square.kt","1.1.3 for 2021-2022 @t1",
"a","Outside edit","","","1655948027269","Ellipsis.kt","1.1.3 for 2021-2022 @t1",
"a","Outside edit","","","1655948027269","Ellipse.kt","1.1.3 for 2021-2022 @t1",
"a","Outside edit","","","1655948027269","Circle.kt","1.1.3 for 2021-2022 @t1",
"a","Outside edit","","","1655948027269","Triangle.kt","1.1.3 for 2021-2022 @t1",
"a","Outside edit","","","1655948027270","PointTest.kt","1.1.3 for 2021-2022 @t1",
"a","Outside edit","","","1655948027270","PointTest0.java","1.1.3 for 2021-2022 @t1",
"a","Outside edit","","","1655948027270","LineTest.java","1.1.3 for 2021-2022 @t1",
"a","Outside edit","","","1655948027270","LineTest.kt","1.1.3 for 2021-2022 @t1",
"a","Outside edit","","","1655948027270","RectangleTest.java","1.1.3 for 2021-2022 @t1",
"a","Outside edit","","","1655948027271","RectangleTest.kt","1.1.3 for 2021-2022 @t1",
"a","Outside edit","","","1655948027271","CoordinateTest.java","1.1.3 for 2021-2022 @t1",
"a","Outside edit","","","1655948027271","CoordinateTest.kt","1.1.3 for 2021-2022 @t1",
"a","Outside edit","","","1655948027271","SquareTest.java","1.1.3 for 2021-2022 @t1",
"a","Outside edit","","","1655948027272","SquareTest.kt","1.1.3 for 2021-2022 @t1",
"a","Outside edit","","","1655948027272","EllipseTest.java","1.1.3 for 2021-2022 @t1",
"a","Outside edit","","","1655948027272",".gitignore","1.1.3 for 2021-2022 @t1",
"e","","No Phanon history found: C:/Users/Alexis/IdeaProjects/RegexDetector/showyourwork/showyourwork.log Player unable to render
","0","1655948027272",".gitignore","1.1.3 for 2021-2022 @t1",
"e","","","0","1655948027272",".gitignore","1.1.3 for 2021-2022 @t1",
"a","Outside edit","","","1655948027272","Main.kt","1.1.3 for 2021-2022 @t1",
"a","Outside edit","","","1655948027278","Shape.kt","1.1.3 for 2021-2022 @t1",
"a","Outside edit","","","1655948027278","Shape.kt","1.1.3 for 2021-2022 @t1",
"a","Outside edit","","","1655948027279","Point.kt","1.1.3 for 2021-2022 @t1",
"a","Outside edit","","","1655948027279","Line.kt","1.1.3 for 2021-2022 @t1",
"a","Outside edit","","","1655948027279","Coordinate.kt","1.1.3 for 2021-2022 @t1",
"a","Outside edit","","","1655948027279","Rectangle.kt","1.1.3 for 2021-2022 @t1",
"a","Outside edit","","","1655948027280","Square.kt","1.1.3 for 2021-2022 @t1",
"a","Outside edit","","","1655948027280","Ellipsis.kt","1.1.3 for 2021-2022 @t1",
"a","Outside edit","","","1655948027280","Ellipse.kt","1.1.3 for 2021-2022 @t1",
"a","Outside edit","","","1655948027280","Circle.kt","1.1.3 for 2021-2022 @t1",
"a","Outside edit","","","1655948027280","Triangle.kt","1.1.3 for 2021-2022 @t1",
"a","Outside edit","","","1655948027281","PointTest.kt","1.1.3 for 2021-2022 @t1",
"a","Outside edit","","","1655948027281","PointTest0.java","1.1.3 for 2021-2022 @t1",
"a","Outside edit","","","1655948027281","LineTest.java","1.1.3 for 2021-2022 @t1",
"a","Outside edit","","","1655948027282","LineTest.kt","1.1.3 for 2021-2022 @t1",
"a","Outside edit","","","1655948027282","RectangleTest.java","1.1.3 for 2021-2022 @t1",
"a","Outside edit","","","1655948027282","RectangleTest.kt","1.1.3 for 2021-2022 @t1",
"a","Outside edit","","","1655948027282","CoordinateTest.java","1.1.3 for 2021-2022 @t1",
"a","Outside edit","","","1655948027282","CoordinateTest.kt","1.1.3 for 2021-2022 @t1",
"a","Outside edit","","","1655948027283","SquareTest.java","1.1.3 for 2021-2022 @t1",
"a","Outside edit","","","1655948027283","SquareTest.kt","1.1.3 for 2021-2022 @t1",
"a","Outside edit","","","1655948027283","EllipseTest.java","1.1.3 for 2021-2022 @t1",
"a","Outside edit","","","1655948027283",".gitignore","1.1.3 for 2021-2022 @t1",
"a","Outside edit","","","1655948027284","gradle-wrapper.properties","1.1.3 for 2021-2022 @t1",
"a","Outside edit","","","1655948027284","misc.xml","1.1.3 for 2021-2022 @t1",
"a","Outside edit","","","1655948027284","workspace.xml","1.1.3 for 2021-2022 @t1",
"a","Outside edit","","","1655948027284","TrackerViewHelper.kt","1.1.3 for 2021-2022 @t1",
"a","Outside edit","","","1655948027285","State.kt","1.1.3 for 2021-2022 @t1",
"a","Outside edit","","","1655948027285","TrackerViewHelper.kt","1.1.3 for 2021-2022 @t1",
"a","Outside edit","","","1655948027285","workspace.xml","1.1.3 for 2021-2022 @t1",
"a","Outside edit","","","1655948027285","Shipment.kt","1.1.3 for 2021-2022 @t1",
"a","Outside edit","","","1655948027285","Status.kt","1.1.3 for 2021-2022 @t1",
"a","Outside edit","","","1655948027286","ShipmentUpdate.kt","1.1.3 for 2021-2022 @t1",
"a","Outside edit","","","1655948027286","TrackingSimulator.kt","1.1.3 for 2021-2022 @t1",
"a","Outside edit","","","1655948027286","Main.kt","1.1.3 for 2021-2022 @t1",
"a","Outside edit","","","1655948027287","ShippingUpdate.kt","1.1.3 for 2021-2022 @t1",
"a","Outside edit","","","1655948027287","StatusStrategy.kt","1.1.3 for 2021-2022 @t1",
"a","Outside edit","","","1655948027287","CreatedStrategy.kt","1.1.3 for 2021-2022 @t1",
"a","Outside edit","","","1655948027287","AddNoteStatusStrategy.kt","1.1.3 for 2021-2022 @t1",
"a","Outside edit","","","1655948027287","ShippedStatusStrategy.kt","1.1.3 for 2021-2022 @t1",
"a","Outside edit","","","1655948027287","LocationStatusStrategy.kt","1.1.3 for 2021-2022 @t1",
"a","Outside edit","","","1655948027288","DeliveredStatusStrategy.kt","1.1.3 for 2021-2022 @t1",
"a","Outside edit","","","1655948027288","DelayedStatusStrategy.kt","1.1.3 for 2021-2022 @t1",
"a","Outside edit","","","1655948027288","LostStatusStrategy.kt","1.1.3 for 2021-2022 @t1",
"a","Outside edit","","","1655948027288","CancelledStatusStrategy.kt","1.1.3 for 2021-2022 @t1",
"a","Outside edit","","","1655948027288","CreatedStatusStrategy.kt","1.1.3 for 2021-2022 @t1",
"a","Outside edit","","","1655948027289","NoteAddedStatusStrategy.kt","1.1.3 for 2021-2022 @t1",
"a","Outside edit","","","1655948027289","StatusStrategy.kt","1.1.3 for 2021-2022 @t1",
"a","Outside edit","","","1655948027289","DeliveredStatusStrategy.kt","1.1.3 for 2021-2022 @t1",
"a","Outside edit","","","1655948027289","ShippedStatusStrategy.kt","1.1.3 for 2021-2022 @t1",
"a","Outside edit","","","1655948027289","LostStatusStrategy.kt","1.1.3 for 2021-2022 @t1",
"a","Outside edit","","","1655948027290","NoteAddedStatusStrategy.kt","1.1.3 for 2021-2022 @t1",
"a","Outside edit","","","1655948027290","LocationStatusStrategy.kt","1.1.3 for 2021-2022 @t1",
"a","Outside edit","","","1655948027290","DelayedStatusStrategy.kt","1.1.3 for 2021-2022 @t1",
"a","Outside edit","","","1655948027290","CreatedStatusStrategy.kt","1.1.3 for 2021-2022 @t1",
"a","Outside edit","","","1655948027291","CancelledStatusStrategy.kt","1.1.3 for 2021-2022 @t1",
"a","Outside edit","","","1655948027291","Observer.kt","1.1.3 for 2021-2022 @t1",
"a","Outside edit","","","1655948027291","Observable.kt","1.1.3 for 2021-2022 @t1",
"a","Outside edit","","","1655948027296","Shape.kt","1.1.3 for 2021-2022 @t1",
"a","Outside edit","","","1655948027296","Shape.kt","1.1.3 for 2021-2022 @t1",
"a","Outside edit","","","1655948027297","Point.kt","1.1.3 for 2021-2022 @t1",
"a","Outside edit","","","1655948027297","Line.kt","1.1.3 for 2021-2022 @t1",
"a","Outside edit","","","1655948027297","Coordinate.kt","1.1.3 for 2021-2022 @t1",
"a","Outside edit","","","1655948027297","Rectangle.kt","1.1.3 for 2021-2022 @t1",
"a","Outside edit","","","1655948027297","Square.kt","1.1.3 for 2021-2022 @t1",
"a","Outside edit","","","1655948027297","Ellipsis.kt","1.1.3 for 2021-2022 @t1",
"a","Outside edit","","","1655948027297","Ellipse.kt","1.1.3 for 2021-2022 @t1",
"a","Outside edit","","","1655948027297","Circle.kt","1.1.3 for 2021-2022 @t1",
"a","Outside edit","","","1655948027298","Triangle.kt","1.1.3 for 2021-2022 @t1",
"a","Outside edit","","","1655948027298","PointTest.kt","1.1.3 for 2021-2022 @t1",
"a","Outside edit","","","1655948027298","PointTest0.java","1.1.3 for 2021-2022 @t1",
"a","Outside edit","","","1655948027298","LineTest.java","1.1.3 for 2021-2022 @t1",
"a","Outside edit","","","1655948027298","LineTest.kt","1.1.3 for 2021-2022 @t1",
"a","Outside edit","","","1655948027298","RectangleTest.java","1.1.3 for 2021-2022 @t1",
"a","Outside edit","","","1655948027299","RectangleTest.kt","1.1.3 for 2021-2022 @t1",
"a","Outside edit","","","1655948027299","CoordinateTest.java","1.1.3 for 2021-2022 @t1",
"a","Outside edit","","","1655948027299","CoordinateTest.kt","1.1.3 for 2021-2022 @t1",
"a","Outside edit","","","1655948027299","SquareTest.java","1.1.3 for 2021-2022 @t1",
"a","Outside edit","","","1655948027299","SquareTest.kt","1.1.3 for 2021-2022 @t1",
"a","Outside edit","","","1655948027299","EllipseTest.java","1.1.3 for 2021-2022 @t1",
"a","Outside edit","","","1655948027300",".gitignore","1.1.3 for 2021-2022 @t1",
"a","Outside edit","","","1655948027300","gradle-wrapper.properties","1.1.3 for 2021-2022 @t1",
"a","Outside edit","","","1655948027300","misc.xml","1.1.3 for 2021-2022 @t1",
"a","Outside edit","","","1655948027300","workspace.xml","1.1.3 for 2021-2022 @t1",
"a","Outside edit","","","1655948027301","TrackerViewHelper.kt","1.1.3 for 2021-2022 @t1",
"a","Outside edit","","","1655948027301","State.kt","1.1.3 for 2021-2022 @t1",
"a","Outside edit","","","1655948027301","CreatedStatusStrategy.kt","1.1.3 for 2021-2022 @t1",
"a","Outside edit","","","1655948027301","Shipment.kt","1.1.3 for 2021-2022 @t1",
"a","Outside edit","","","1655948027301","Observable.kt","1.1.3 for 2021-2022 @t1",
"a","Outside edit","","","1655948027302","Observer.kt","1.1.3 for 2021-2022 @t1",
"a","Outside edit","","","1655948027302","StatusStrategy.kt","1.1.3 for 2021-2022 @t1",
"a","Outside edit","","","1655948027302","TrackingSimulator.kt","1.1.3 for 2021-2022 @t1",
"a","Outside edit","","","1655948027302","Main.kt","1.1.3 for 2021-2022 @t1",
"a","Outside edit","","","1655948027302","ShapesEnum.kt","1.1.3 for 2021-2022 @t1",
"a","Outside edit","","","1655948027308","Point.kt","1.1.3 for 2021-2022 @t1",
"a","Outside edit","","","1655948027308","Circle.kt","1.1.3 for 2021-2022 @t1",
"a","Outside edit","","","1655948027308","Ellipse.kt","1.1.3 for 2021-2022 @t1",
"a","Outside edit","","","1655948027308","Line.kt","1.1.3 for 2021-2022 @t1",
"a","Outside edit","","","1655948027308","Rectangle.kt","1.1.3 for 2021-2022 @t1",
"a","Outside edit","","","1655948027309","Square.kt","1.1.3 for 2021-2022 @t1",
"a","Outside edit","","","1655948027309","Triangle.kt","1.1.3 for 2021-2022 @t1",
"a","Outside edit","","","1655948027309","LineTest.kt","1.1.3 for 2021-2022 @t1",
"a","Outside edit","","","1655948027309","RectangleTest.kt","1.1.3 for 2021-2022 @t1",
"a","Outside edit","","","1655948027309","SquareTest.kt","1.1.3 for 2021-2022 @t1",
"a","Outside edit","","","1655948027310","PointTest.kt","1.1.3 for 2021-2022 @t1",
"a","Outside edit","","","1655948027310","Shape.kt","1.1.3 for 2021-2022 @t1",
"a","Outside edit","","","1655948027310","Square.kt","1.1.3 for 2021-2022 @t1",
"a","Outside edit","","","1655948027310","Shape.kt","1.1.3 for 2021-2022 @t1",
"a","Outside edit","","","1655948027310","Circle.kt","1.1.3 for 2021-2022 @t1",
"a","Outside edit","","","1655948027310","Rectangle.kt","1.1.3 for 2021-2022 @t1",
"a","Outside edit","","","1655948027311","Triangle.kt","1.1.3 for 2021-2022 @t1",
"a","Outside edit","","","1655948027311","Line.kt","1.1.3 for 2021-2022 @t1",
"a","Outside edit","","","1655948027311","Ellipse.kt","1.1.3 for 2021-2022 @t1",
"a","Outside edit","","","1655948027311","Point.kt","1.1.3 for 2021-2022 @t1",
"a","Outside edit","","","1655948027311","Drawing.kt","1.1.3 for 2021-2022 @t1",
"a","Outside edit","","","1655948027311","Draw.kt","1.1.3 for 2021-2022 @t1",
"a","Outside edit","","","1655948027312",".gitignore","1.1.3 for 2021-2022 @t1",
"a","ShowYourWork Init","","","000","ShowYourWork Init","1.1.3 for 2021-2022 @t1",
