.gitignore
in/kotlin/Shape.kt
/src/main/kotlin/Shape.kt
/src/main/kotlin/Point.kt
/src/main/kotlin/Line.kt
/src/main/kotlin/Coordinate.kt
/src/main/kotlin/Rectangle.kt
/src/main/kotlin/Square.kt
/src/main/kotlin/Ellipsis.kt
/src/main/kotlin/Ellipse.kt
/src/main/kotlin/Circle.kt
/src/main/kotlin/Triangle.kt
/src/test/kotlin/PointTest.kt
/src/test/kotlin/PointTest0.java
/src/test/kotlin/LineTest.java
/src/test/kotlin/LineTest.kt
/src/test/kotlin/RectangleTest.java
/src/test/kotlin/RectangleTest.kt
/src/test/kotlin/CoordinateTest.java
/src/test/kotlin/CoordinateTest.kt
/src/test/kotlin/SquareTest.java
/src/test/kotlin/SquareTest.kt
/src/test/kotlin/EllipseTest.java
/.idea/.gitignore
/gradle/wrapper/gradle-wrapper.properties
/.idea/misc.xml
/.idea/workspace.xml
/src/main/kotlin/TrackerViewHelper.kt
/src/main/State.kt
king/src/main/kotlin/TrackerViewHelper.kt
king/.idea/workspace.xml
king/src/main/kotlin/Shipment.kt
king/src/main/kotlin/Status.kt
king/src/main/kotlin/ShipmentUpdate.kt
king/src/main/kotlin/TrackingSimulator.kt
king/src/main/kotlin/Main.kt
king/src/main/kotlin/ShippingUpdate.kt
king/src/main/kotlin/StatusStrategy.kt
king/src/main/kotlin/CreatedStrategy.kt
king/src/main/kotlin/AddNoteStatusStrategy.kt
king/src/main/kotlin/ShippedStatusStrategy.kt
king/src/main/kotlin/LocationStatusStrategy.kt
king/src/main/kotlin/DeliveredStatusStrategy.kt
king/src/main/kotlin/DelayedStatusStrategy.kt
king/src/main/kotlin/LostStatusStrategy.kt
king/src/main/kotlin/CancelledStatusStrategy.kt
king/src/main/kotlin/CreatedStatusStrategy.kt
king/src/main/kotlin/NoteAddedStatusStrategy.kt
king/src/main/kotlin/StatusStrategies/StatusStrategy.kt
king/src/main/kotlin/StatusStrategies/DeliveredStatusStrategy.kt
king/src/main/kotlin/StatusStrategies/ShippedStatusStrategy.kt
king/src/main/kotlin/StatusStrategies/LostStatusStrategy.kt
king/src/main/kotlin/StatusStrategies/NoteAddedStatusStrategy.kt
king/src/main/kotlin/StatusStrategies/LocationStatusStrategy.kt
king/src/main/kotlin/StatusStrategies/DelayedStatusStrategy.kt
king/src/main/kotlin/StatusStrategies/CreatedStatusStrategy.kt
king/src/main/kotlin/StatusStrategies/CancelledStatusStrategy.kt
king/src/main/kotlin/Observer.kt
king/src/main/kotlin/Observable.kt
.gitignore
in/kotlin/Shape.kt
/src/main/kotlin/Shape.kt
/src/main/kotlin/Point.kt
/src/main/kotlin/Line.kt
/src/main/kotlin/Coordinate.kt
/src/main/kotlin/Rectangle.kt
/src/main/kotlin/Square.kt
/src/main/kotlin/Ellipsis.kt
/src/main/kotlin/Ellipse.kt
/src/main/kotlin/Circle.kt
/src/main/kotlin/Triangle.kt
/src/test/kotlin/PointTest.kt
/src/test/kotlin/PointTest0.java
/src/test/kotlin/LineTest.java
/src/test/kotlin/LineTest.kt
/src/test/kotlin/RectangleTest.java
/src/test/kotlin/RectangleTest.kt
/src/test/kotlin/CoordinateTest.java
/src/test/kotlin/CoordinateTest.kt
/src/test/kotlin/SquareTest.java
/src/test/kotlin/SquareTest.kt
/src/test/kotlin/EllipseTest.java
/.idea/.gitignore
/gradle/wrapper/gradle-wrapper.properties
/.idea/misc.xml
/.idea/workspace.xml
/src/main/kotlin/TrackerViewHelper.kt
/src/main/State.kt
/src/main/kotlin/StatusStrategies/CreatedStatusStrategy.kt
/src/main/kotlin/Shipment.kt
/src/main/kotlin/Observable.kt
/src/main/kotlin/Observer.kt
/src/main/kotlin/StatusStrategies/StatusStrategy.kt
/src/main/kotlin/TrackingSimulator.kt
.gitignore
in/kotlin/Shape.kt
/src/main/kotlin/Shape.kt
/src/main/kotlin/Point.kt
/src/main/kotlin/Line.kt
/src/main/kotlin/Coordinate.kt
/src/main/kotlin/Rectangle.kt
/src/main/kotlin/Square.kt
/src/main/kotlin/Ellipsis.kt
/src/main/kotlin/Ellipse.kt
/src/main/kotlin/Circle.kt
/src/main/kotlin/Triangle.kt
/src/test/kotlin/PointTest.kt
/src/test/kotlin/PointTest0.java
/src/test/kotlin/LineTest.java
/src/test/kotlin/LineTest.kt
/src/test/kotlin/RectangleTest.java
/src/test/kotlin/RectangleTest.kt
/src/test/kotlin/CoordinateTest.java
/src/test/kotlin/CoordinateTest.kt
/src/test/kotlin/SquareTest.java
/src/test/kotlin/SquareTest.kt
/src/test/kotlin/EllipseTest.java
/.gitignore
/src/main/kotlin/Main.kt
.gitignore
in/kotlin/Shape.kt
/src/main/kotlin/Shape.kt
/src/main/kotlin/Point.kt
/src/main/kotlin/Line.kt
/src/main/kotlin/Coordinate.kt
/src/main/kotlin/Rectangle.kt
/src/main/kotlin/Square.kt
/src/main/kotlin/Ellipsis.kt
/src/main/kotlin/Ellipse.kt
/src/main/kotlin/Circle.kt
/src/main/kotlin/Triangle.kt
/src/test/kotlin/PointTest.kt
/src/test/kotlin/PointTest0.java
/src/test/kotlin/LineTest.java
/src/test/kotlin/LineTest.kt
/src/test/kotlin/RectangleTest.java
/src/test/kotlin/RectangleTest.kt
/src/test/kotlin/CoordinateTest.java
/src/test/kotlin/CoordinateTest.kt
/src/test/kotlin/SquareTest.java
/src/test/kotlin/SquareTest.kt
/src/test/kotlin/EllipseTest.java
/.idea/.gitignore
/gradle/wrapper/gradle-wrapper.properties
/.idea/misc.xml
/.idea/workspace.xml
/src/main/kotlin/TrackerViewHelper.kt
/src/main/State.kt
king/src/main/kotlin/TrackerViewHelper.kt
king/.idea/workspace.xml
king/src/main/kotlin/Shipment.kt
king/src/main/kotlin/Status.kt
king/src/main/kotlin/ShipmentUpdate.kt
king/src/main/kotlin/TrackingSimulator.kt
king/src/main/kotlin/Main.kt
king/src/main/kotlin/ShippingUpdate.kt
king/src/main/kotlin/StatusStrategy.kt
king/src/main/kotlin/CreatedStrategy.kt
king/src/main/kotlin/AddNoteStatusStrategy.kt
king/src/main/kotlin/ShippedStatusStrategy.kt
king/src/main/kotlin/LocationStatusStrategy.kt
king/src/main/kotlin/DeliveredStatusStrategy.kt
king/src/main/kotlin/DelayedStatusStrategy.kt
king/src/main/kotlin/LostStatusStrategy.kt
king/src/main/kotlin/CancelledStatusStrategy.kt
king/src/main/kotlin/CreatedStatusStrategy.kt
king/src/main/kotlin/NoteAddedStatusStrategy.kt
king/src/main/kotlin/StatusStrategies/StatusStrategy.kt
king/src/main/kotlin/StatusStrategies/DeliveredStatusStrategy.kt
king/src/main/kotlin/StatusStrategies/ShippedStatusStrategy.kt
king/src/main/kotlin/StatusStrategies/LostStatusStrategy.kt
king/src/main/kotlin/StatusStrategies/NoteAddedStatusStrategy.kt
king/src/main/kotlin/StatusStrategies/LocationStatusStrategy.kt
king/src/main/kotlin/StatusStrategies/DelayedStatusStrategy.kt
king/src/main/kotlin/StatusStrategies/CreatedStatusStrategy.kt
king/src/main/kotlin/StatusStrategies/CancelledStatusStrategy.kt
king/src/main/kotlin/Observer.kt
king/src/main/kotlin/Observable.kt
.gitignore
in/kotlin/Shape.kt
/src/main/kotlin/Shape.kt
/src/main/kotlin/Point.kt
/src/main/kotlin/Line.kt
/src/main/kotlin/Coordinate.kt
/src/main/kotlin/Rectangle.kt
/src/main/kotlin/Square.kt
/src/main/kotlin/Ellipsis.kt
/src/main/kotlin/Ellipse.kt
/src/main/kotlin/Circle.kt
/src/main/kotlin/Triangle.kt
/src/test/kotlin/PointTest.kt
/src/test/kotlin/PointTest0.java
/src/test/kotlin/LineTest.java
/src/test/kotlin/LineTest.kt
/src/test/kotlin/RectangleTest.java
/src/test/kotlin/RectangleTest.kt
/src/test/kotlin/CoordinateTest.java
/src/test/kotlin/CoordinateTest.kt
/src/test/kotlin/SquareTest.java
/src/test/kotlin/SquareTest.kt
/src/test/kotlin/EllipseTest.java
/.idea/.gitignore
/gradle/wrapper/gradle-wrapper.properties
/.idea/misc.xml
/.idea/workspace.xml
/src/main/kotlin/TrackerViewHelper.kt
/src/main/State.kt
/src/main/kotlin/StatusStrategies/CreatedStatusStrategy.kt
/src/main/kotlin/Shipment.kt
/src/main/kotlin/Observable.kt
/src/main/kotlin/Observer.kt
/src/main/kotlin/StatusStrategies/StatusStrategy.kt
/src/main/kotlin/TrackingSimulator.kt
in/kotlin/Main.kt
in/kotlin/ShapesEnum.kt
workspace.xml
in/kotlin/Shapes/Point.kt
in/kotlin/Shapes/Circle.kt
in/kotlin/Shapes/Ellipse.kt
in/kotlin/Shapes/Line.kt
in/kotlin/Shapes/Rectangle.kt
in/kotlin/Shapes/Square.kt
in/kotlin/Shapes/Triangle.kt
st/kotlin/LineTest.kt
st/kotlin/RectangleTest.kt
st/kotlin/SquareTest.kt
st/kotlin/PointTest.kt
in/kotlin/Shapes/Shape.kt
in/kotlin/shapes/Square.kt
in/kotlin/shapes/Shape.kt
in/kotlin/shapes/Circle.kt
in/kotlin/shapes/Rectangle.kt
in/kotlin/shapes/Triangle.kt
in/kotlin/shapes/Line.kt
in/kotlin/shapes/Ellipse.kt
in/kotlin/shapes/Point.kt
in/kotlin/Drawing.kt
in/kotlin/Draw.kt
dea/.gitignore
/src/main/kotlin/ViewHelper.kt
/src/main/kotlin/Detector.kt
/src/main/kotlin/IntegerDetector.kt
/src/test/kotlin/ViewHelperTest.java
/src/test/kotlin/ViewHelperTest.kt
/src/main/kotlin/IntegerState.kt
/src/main/kotlin/integerStates/IntegerState.kt
/src/main/kotlin/integerStates/ValidState.kt
/src/main/kotlin/integerStates/InvalidState.kt
/src/main/kotlin/states/integerStates/InvalidState.kt
/src/main/kotlin/states/integerStates/ValidState.kt
/src/main/kotlin/states/integerStates/IntegerState.kt
