"e","","No Phanon history found: C:/Users/Alexis/IdeaProjects/RegexDetector/src/main/kotlin/showyourwork/showyourwork.log Player unable to render
","0","1655948027233","Shape.kt","1.1.3 for 2021-2022 @t1",
"e","","","0","1655948027233","Shape.kt","1.1.3 for 2021-2022 @t1",
"e","","No Phanon history found: C:/Users/Alexis/IdeaProjects/RegexDetector/src/main/kotlin/showyourwork/showyourwork.log Player unable to render
","0","1655948027233","Point.kt","1.1.3 for 2021-2022 @t1",
"e","","","0","1655948027233","Point.kt","1.1.3 for 2021-2022 @t1",
"e","","No Phanon history found: C:/Users/Alexis/IdeaProjects/RegexDetector/src/main/kotlin/showyourwork/showyourwork.log Player unable to render
","0","1655948027233","Line.kt","1.1.3 for 2021-2022 @t1",
"e","","","0","1655948027233","Line.kt","1.1.3 for 2021-2022 @t1",
"e","","No Phanon history found: C:/Users/Alexis/IdeaProjects/RegexDetector/src/main/kotlin/showyourwork/showyourwork.log Player unable to render
","0","1655948027233","Coordinate.kt","1.1.3 for 2021-2022 @t1",
"e","","","0","1655948027233","Coordinate.kt","1.1.3 for 2021-2022 @t1",
"e","","No Phanon history found: C:/Users/Alexis/IdeaProjects/RegexDetector/src/main/kotlin/showyourwork/showyourwork.log Player unable to render
","0","1655948027233","Rectangle.kt","1.1.3 for 2021-2022 @t1",
"e","","","0","1655948027233","Rectangle.kt","1.1.3 for 2021-2022 @t1",
"e","","No Phanon history found: C:/Users/Alexis/IdeaProjects/RegexDetector/src/main/kotlin/showyourwork/showyourwork.log Player unable to render
","0","1655948027234","Square.kt","1.1.3 for 2021-2022 @t1",
"e","","","0","1655948027234","Square.kt","1.1.3 for 2021-2022 @t1",
"e","","No Phanon history found: C:/Users/Alexis/IdeaProjects/RegexDetector/src/main/kotlin/showyourwork/showyourwork.log Player unable to render
","0","1655948027235","Ellipsis.kt","1.1.3 for 2021-2022 @t1",
"e","","","0","1655948027235","Ellipsis.kt","1.1.3 for 2021-2022 @t1",
"e","","No Phanon history found: C:/Users/Alexis/IdeaProjects/RegexDetector/src/main/kotlin/showyourwork/showyourwork.log Player unable to render
","0","1655948027235","Ellipse.kt","1.1.3 for 2021-2022 @t1",
"e","","","0","1655948027235","Ellipse.kt","1.1.3 for 2021-2022 @t1",
"e","","No Phanon history found: C:/Users/Alexis/IdeaProjects/RegexDetector/src/main/kotlin/showyourwork/showyourwork.log Player unable to render
","0","1655948027235","Circle.kt","1.1.3 for 2021-2022 @t1",
"e","","","0","1655948027235","Circle.kt","1.1.3 for 2021-2022 @t1",
"e","","No Phanon history found: C:/Users/Alexis/IdeaProjects/RegexDetector/src/main/kotlin/showyourwork/showyourwork.log Player unable to render
","0","1655948027236","Triangle.kt","1.1.3 for 2021-2022 @t1",
"e","","","0","1655948027236","Triangle.kt","1.1.3 for 2021-2022 @t1",
"e","","No Phanon history found: C:/Users/Alexis/IdeaProjects/RegexDetector/src/main/kotlin/showyourwork/showyourwork.log Player unable to render
","0","1655948027240","TrackerViewHelper.kt","1.1.3 for 2021-2022 @t1",
"e","","","0","1655948027240","TrackerViewHelper.kt","1.1.3 for 2021-2022 @t1",
"e","","No Phanon history found: C:/Users/Alexis/IdeaProjects/RegexDetector/src/main/kotlin/showyourwork/showyourwork.log Player unable to render
","0","1655948027253","Shape.kt","1.1.3 for 2021-2022 @t1",
"e","","","0","1655948027253","Shape.kt","1.1.3 for 2021-2022 @t1",
"e","","No Phanon history found: C:/Users/Alexis/IdeaProjects/RegexDetector/src/main/kotlin/showyourwork/showyourwork.log Player unable to render
","0","1655948027253","Point.kt","1.1.3 for 2021-2022 @t1",
"e","","","0","1655948027253","Point.kt","1.1.3 for 2021-2022 @t1",
"e","","No Phanon history found: C:/Users/Alexis/IdeaProjects/RegexDetector/src/main/kotlin/showyourwork/showyourwork.log Player unable to render
","0","1655948027254","Line.kt","1.1.3 for 2021-2022 @t1",
"e","","","0","1655948027254","Line.kt","1.1.3 for 2021-2022 @t1",
"e","","No Phanon history found: C:/Users/Alexis/IdeaProjects/RegexDetector/src/main/kotlin/showyourwork/showyourwork.log Player unable to render
","0","1655948027254","Coordinate.kt","1.1.3 for 2021-2022 @t1",
"e","","","0","1655948027254","Coordinate.kt","1.1.3 for 2021-2022 @t1",
"e","","No Phanon history found: C:/Users/Alexis/IdeaProjects/RegexDetector/src/main/kotlin/showyourwork/showyourwork.log Player unable to render
","0","1655948027254","Rectangle.kt","1.1.3 for 2021-2022 @t1",
"e","","","0","1655948027254","Rectangle.kt","1.1.3 for 2021-2022 @t1",
"e","","No Phanon history found: C:/Users/Alexis/IdeaProjects/RegexDetector/src/main/kotlin/showyourwork/showyourwork.log Player unable to render
","0","1655948027254","Square.kt","1.1.3 for 2021-2022 @t1",
"e","","","0","1655948027254","Square.kt","1.1.3 for 2021-2022 @t1",
"e","","No Phanon history found: C:/Users/Alexis/IdeaProjects/RegexDetector/src/main/kotlin/showyourwork/showyourwork.log Player unable to render
","0","1655948027255","Ellipsis.kt","1.1.3 for 2021-2022 @t1",
"e","","","0","1655948027255","Ellipsis.kt","1.1.3 for 2021-2022 @t1",
"e","","No Phanon history found: C:/Users/Alexis/IdeaProjects/RegexDetector/src/main/kotlin/showyourwork/showyourwork.log Player unable to render
","0","1655948027255","Ellipse.kt","1.1.3 for 2021-2022 @t1",
"e","","","0","1655948027255","Ellipse.kt","1.1.3 for 2021-2022 @t1",
"e","","No Phanon history found: C:/Users/Alexis/IdeaProjects/RegexDetector/src/main/kotlin/showyourwork/showyourwork.log Player unable to render
","0","1655948027255","Circle.kt","1.1.3 for 2021-2022 @t1",
"e","","","0","1655948027255","Circle.kt","1.1.3 for 2021-2022 @t1",
"e","","No Phanon history found: C:/Users/Alexis/IdeaProjects/RegexDetector/src/main/kotlin/showyourwork/showyourwork.log Player unable to render
","0","1655948027255","Triangle.kt","1.1.3 for 2021-2022 @t1",
"e","","","0","1655948027255","Triangle.kt","1.1.3 for 2021-2022 @t1",
"e","","No Phanon history found: C:/Users/Alexis/IdeaProjects/RegexDetector/src/main/kotlin/showyourwork/showyourwork.log Player unable to render
","0","1655948027259","TrackerViewHelper.kt","1.1.3 for 2021-2022 @t1",
"e","","","0","1655948027259","TrackerViewHelper.kt","1.1.3 for 2021-2022 @t1",
"e","","No Phanon history found: C:/Users/Alexis/IdeaProjects/RegexDetector/src/main/kotlin/showyourwork/showyourwork.log Player unable to render
","0","1655948027260","Shipment.kt","1.1.3 for 2021-2022 @t1",
"e","","","0","1655948027260","Shipment.kt","1.1.3 for 2021-2022 @t1",
"e","","No Phanon history found: C:/Users/Alexis/IdeaProjects/RegexDetector/src/main/kotlin/showyourwork/showyourwork.log Player unable to render
","0","1655948027260","Observable.kt","1.1.3 for 2021-2022 @t1",
"e","","","0","1655948027260","Observable.kt","1.1.3 for 2021-2022 @t1",
"e","","No Phanon history found: C:/Users/Alexis/IdeaProjects/RegexDetector/src/main/kotlin/showyourwork/showyourwork.log Player unable to render
","0","1655948027260","Observer.kt","1.1.3 for 2021-2022 @t1",
"e","","","0","1655948027260","Observer.kt","1.1.3 for 2021-2022 @t1",
"e","","No Phanon history found: C:/Users/Alexis/IdeaProjects/RegexDetector/src/main/kotlin/showyourwork/showyourwork.log Player unable to render
","0","1655948027261","TrackingSimulator.kt","1.1.3 for 2021-2022 @t1",
"e","","","0","1655948027261","TrackingSimulator.kt","1.1.3 for 2021-2022 @t1",
"e","","No Phanon history found: C:/Users/Alexis/IdeaProjects/RegexDetector/src/main/kotlin/showyourwork/showyourwork.log Player unable to render
","0","1655948027267","Shape.kt","1.1.3 for 2021-2022 @t1",
"e","","","0","1655948027267","Shape.kt","1.1.3 for 2021-2022 @t1",
"e","","No Phanon history found: C:/Users/Alexis/IdeaProjects/RegexDetector/src/main/kotlin/showyourwork/showyourwork.log Player unable to render
","0","1655948027268","Point.kt","1.1.3 for 2021-2022 @t1",
"e","","","0","1655948027268","Point.kt","1.1.3 for 2021-2022 @t1",
"e","","No Phanon history found: C:/Users/Alexis/IdeaProjects/RegexDetector/src/main/kotlin/showyourwork/showyourwork.log Player unable to render
","0","1655948027268","Line.kt","1.1.3 for 2021-2022 @t1",
"e","","","0","1655948027268","Line.kt","1.1.3 for 2021-2022 @t1",
"e","","No Phanon history found: C:/Users/Alexis/IdeaProjects/RegexDetector/src/main/kotlin/showyourwork/showyourwork.log Player unable to render
","0","1655948027268","Coordinate.kt","1.1.3 for 2021-2022 @t1",
"e","","","0","1655948027268","Coordinate.kt","1.1.3 for 2021-2022 @t1",
"e","","No Phanon history found: C:/Users/Alexis/IdeaProjects/RegexDetector/src/main/kotlin/showyourwork/showyourwork.log Player unable to render
","0","1655948027268","Rectangle.kt","1.1.3 for 2021-2022 @t1",
"e","","","0","1655948027268","Rectangle.kt","1.1.3 for 2021-2022 @t1",
"e","","No Phanon history found: C:/Users/Alexis/IdeaProjects/RegexDetector/src/main/kotlin/showyourwork/showyourwork.log Player unable to render
","0","1655948027268","Square.kt","1.1.3 for 2021-2022 @t1",
"e","","","0","1655948027268","Square.kt","1.1.3 for 2021-2022 @t1",
"e","","No Phanon history found: C:/Users/Alexis/IdeaProjects/RegexDetector/src/main/kotlin/showyourwork/showyourwork.log Player unable to render
","0","1655948027269","Ellipsis.kt","1.1.3 for 2021-2022 @t1",
"e","","","0","1655948027269","Ellipsis.kt","1.1.3 for 2021-2022 @t1",
"e","","No Phanon history found: C:/Users/Alexis/IdeaProjects/RegexDetector/src/main/kotlin/showyourwork/showyourwork.log Player unable to render
","0","1655948027269","Ellipse.kt","1.1.3 for 2021-2022 @t1",
"e","","","0","1655948027269","Ellipse.kt","1.1.3 for 2021-2022 @t1",
"e","","No Phanon history found: C:/Users/Alexis/IdeaProjects/RegexDetector/src/main/kotlin/showyourwork/showyourwork.log Player unable to render
","0","1655948027269","Circle.kt","1.1.3 for 2021-2022 @t1",
"e","","","0","1655948027269","Circle.kt","1.1.3 for 2021-2022 @t1",
"e","","No Phanon history found: C:/Users/Alexis/IdeaProjects/RegexDetector/src/main/kotlin/showyourwork/showyourwork.log Player unable to render
","0","1655948027269","Triangle.kt","1.1.3 for 2021-2022 @t1",
"e","","","0","1655948027269","Triangle.kt","1.1.3 for 2021-2022 @t1",
"e","","No Phanon history found: C:/Users/Alexis/IdeaProjects/RegexDetector/src/main/kotlin/showyourwork/showyourwork.log Player unable to render
","0","1655948027272","Main.kt","1.1.3 for 2021-2022 @t1",
"e","// Copyright 2000-2021 JetBrains s.r.o. and contributors. Use of this source code is governed by the Apache 2.0 license that can be found in the LICENSE file.
import androidx.compose.material.MaterialTheme
import androidx.compose.desktop.ui.tooling.preview.Preview
import androidx.compose.material.Button
import androidx.compose.material.Text
import androidx.compose.runtime.Composable
import androidx.compose.runtime.getValue
import androidx.compose.runtime.mutableStateOf
import androidx.compose.runtime.remember
import androidx.compose.runtime.setValue
import androidx.compose.ui.window.Window
import androidx.compose.ui.window.application

@Composable
@Preview
fun App() {
    var text by remember { mutableStateOf(""Hello, World!"") }

    MaterialTheme {
        Button(onClick = {
            text = ""Hello, Desktop!""
        }) {
            Text(text)
        }
    }
}

fun main() = application {
    Window(onCloseRequest = ::exitApplication) {
        App()
    }
}
","","0","1655948027272","Main.kt","1.1.3 for 2021-2022 @t1",
"e","","No Phanon history found: C:/Users/Alexis/IdeaProjects/RegexDetector/src/main/kotlin/showyourwork/showyourwork.log Player unable to render
","0","1655948027278","Shape.kt","1.1.3 for 2021-2022 @t1",
"e","","","0","1655948027278","Shape.kt","1.1.3 for 2021-2022 @t1",
"e","","No Phanon history found: C:/Users/Alexis/IdeaProjects/RegexDetector/src/main/kotlin/showyourwork/showyourwork.log Player unable to render
","0","1655948027279","Point.kt","1.1.3 for 2021-2022 @t1",
"e","","","0","1655948027279","Point.kt","1.1.3 for 2021-2022 @t1",
"e","","No Phanon history found: C:/Users/Alexis/IdeaProjects/RegexDetector/src/main/kotlin/showyourwork/showyourwork.log Player unable to render
","0","1655948027279","Line.kt","1.1.3 for 2021-2022 @t1",
"e","","","0","1655948027279","Line.kt","1.1.3 for 2021-2022 @t1",
"e","","No Phanon history found: C:/Users/Alexis/IdeaProjects/RegexDetector/src/main/kotlin/showyourwork/showyourwork.log Player unable to render
","0","1655948027279","Coordinate.kt","1.1.3 for 2021-2022 @t1",
"e","","","0","1655948027279","Coordinate.kt","1.1.3 for 2021-2022 @t1",
"e","","No Phanon history found: C:/Users/Alexis/IdeaProjects/RegexDetector/src/main/kotlin/showyourwork/showyourwork.log Player unable to render
","0","1655948027279","Rectangle.kt","1.1.3 for 2021-2022 @t1",
"e","","","0","1655948027279","Rectangle.kt","1.1.3 for 2021-2022 @t1",
"e","","No Phanon history found: C:/Users/Alexis/IdeaProjects/RegexDetector/src/main/kotlin/showyourwork/showyourwork.log Player unable to render
","0","1655948027280","Square.kt","1.1.3 for 2021-2022 @t1",
"e","","","0","1655948027280","Square.kt","1.1.3 for 2021-2022 @t1",
"e","","No Phanon history found: C:/Users/Alexis/IdeaProjects/RegexDetector/src/main/kotlin/showyourwork/showyourwork.log Player unable to render
","0","1655948027280","Ellipsis.kt","1.1.3 for 2021-2022 @t1",
"e","","","0","1655948027280","Ellipsis.kt","1.1.3 for 2021-2022 @t1",
"e","","No Phanon history found: C:/Users/Alexis/IdeaProjects/RegexDetector/src/main/kotlin/showyourwork/showyourwork.log Player unable to render
","0","1655948027280","Ellipse.kt","1.1.3 for 2021-2022 @t1",
"e","","","0","1655948027280","Ellipse.kt","1.1.3 for 2021-2022 @t1",
"e","","No Phanon history found: C:/Users/Alexis/IdeaProjects/RegexDetector/src/main/kotlin/showyourwork/showyourwork.log Player unable to render
","0","1655948027280","Circle.kt","1.1.3 for 2021-2022 @t1",
"e","","","0","1655948027280","Circle.kt","1.1.3 for 2021-2022 @t1",
"e","","No Phanon history found: C:/Users/Alexis/IdeaProjects/RegexDetector/src/main/kotlin/showyourwork/showyourwork.log Player unable to render
","0","1655948027280","Triangle.kt","1.1.3 for 2021-2022 @t1",
"e","","","0","1655948027280","Triangle.kt","1.1.3 for 2021-2022 @t1",
"e","","No Phanon history found: C:/Users/Alexis/IdeaProjects/RegexDetector/src/main/kotlin/showyourwork/showyourwork.log Player unable to render
","0","1655948027284","TrackerViewHelper.kt","1.1.3 for 2021-2022 @t1",
"e","","","0","1655948027284","TrackerViewHelper.kt","1.1.3 for 2021-2022 @t1",
"e","","No Phanon history found: C:/Users/Alexis/IdeaProjects/RegexDetector/src/main/kotlin/showyourwork/showyourwork.log Player unable to render
","0","1655948027296","Shape.kt","1.1.3 for 2021-2022 @t1",
"e","","","0","1655948027296","Shape.kt","1.1.3 for 2021-2022 @t1",
"e","","No Phanon history found: C:/Users/Alexis/IdeaProjects/RegexDetector/src/main/kotlin/showyourwork/showyourwork.log Player unable to render
","0","1655948027297","Point.kt","1.1.3 for 2021-2022 @t1",
"e","","","0","1655948027297","Point.kt","1.1.3 for 2021-2022 @t1",
"e","","No Phanon history found: C:/Users/Alexis/IdeaProjects/RegexDetector/src/main/kotlin/showyourwork/showyourwork.log Player unable to render
","0","1655948027297","Line.kt","1.1.3 for 2021-2022 @t1",
"e","","","0","1655948027297","Line.kt","1.1.3 for 2021-2022 @t1",
"e","","No Phanon history found: C:/Users/Alexis/IdeaProjects/RegexDetector/src/main/kotlin/showyourwork/showyourwork.log Player unable to render
","0","1655948027297","Coordinate.kt","1.1.3 for 2021-2022 @t1",
"e","","","0","1655948027297","Coordinate.kt","1.1.3 for 2021-2022 @t1",
"e","","No Phanon history found: C:/Users/Alexis/IdeaProjects/RegexDetector/src/main/kotlin/showyourwork/showyourwork.log Player unable to render
","0","1655948027297","Rectangle.kt","1.1.3 for 2021-2022 @t1",
"e","","","0","1655948027297","Rectangle.kt","1.1.3 for 2021-2022 @t1",
"e","","No Phanon history found: C:/Users/Alexis/IdeaProjects/RegexDetector/src/main/kotlin/showyourwork/showyourwork.log Player unable to render
","0","1655948027297","Square.kt","1.1.3 for 2021-2022 @t1",
"e","","","0","1655948027297","Square.kt","1.1.3 for 2021-2022 @t1",
"e","","No Phanon history found: C:/Users/Alexis/IdeaProjects/RegexDetector/src/main/kotlin/showyourwork/showyourwork.log Player unable to render
","0","1655948027297","Ellipsis.kt","1.1.3 for 2021-2022 @t1",
"e","","","0","1655948027297","Ellipsis.kt","1.1.3 for 2021-2022 @t1",
"e","","No Phanon history found: C:/Users/Alexis/IdeaProjects/RegexDetector/src/main/kotlin/showyourwork/showyourwork.log Player unable to render
","0","1655948027297","Ellipse.kt","1.1.3 for 2021-2022 @t1",
"e","","","0","1655948027297","Ellipse.kt","1.1.3 for 2021-2022 @t1",
"e","","No Phanon history found: C:/Users/Alexis/IdeaProjects/RegexDetector/src/main/kotlin/showyourwork/showyourwork.log Player unable to render
","0","1655948027297","Circle.kt","1.1.3 for 2021-2022 @t1",
"e","","","0","1655948027297","Circle.kt","1.1.3 for 2021-2022 @t1",
"e","","No Phanon history found: C:/Users/Alexis/IdeaProjects/RegexDetector/src/main/kotlin/showyourwork/showyourwork.log Player unable to render
","0","1655948027298","Triangle.kt","1.1.3 for 2021-2022 @t1",
"e","","","0","1655948027298","Triangle.kt","1.1.3 for 2021-2022 @t1",
"e","","No Phanon history found: C:/Users/Alexis/IdeaProjects/RegexDetector/src/main/kotlin/showyourwork/showyourwork.log Player unable to render
","0","1655948027301","TrackerViewHelper.kt","1.1.3 for 2021-2022 @t1",
"e","","","0","1655948027301","TrackerViewHelper.kt","1.1.3 for 2021-2022 @t1",
"e","","No Phanon history found: C:/Users/Alexis/IdeaProjects/RegexDetector/src/main/kotlin/showyourwork/showyourwork.log Player unable to render
","0","1655948027301","Shipment.kt","1.1.3 for 2021-2022 @t1",
"e","","","0","1655948027301","Shipment.kt","1.1.3 for 2021-2022 @t1",
"e","","No Phanon history found: C:/Users/Alexis/IdeaProjects/RegexDetector/src/main/kotlin/showyourwork/showyourwork.log Player unable to render
","0","1655948027301","Observable.kt","1.1.3 for 2021-2022 @t1",
"e","","","0","1655948027301","Observable.kt","1.1.3 for 2021-2022 @t1",
"e","","No Phanon history found: C:/Users/Alexis/IdeaProjects/RegexDetector/src/main/kotlin/showyourwork/showyourwork.log Player unable to render
","0","1655948027302","Observer.kt","1.1.3 for 2021-2022 @t1",
"e","","","0","1655948027302","Observer.kt","1.1.3 for 2021-2022 @t1",
"e","","No Phanon history found: C:/Users/Alexis/IdeaProjects/RegexDetector/src/main/kotlin/showyourwork/showyourwork.log Player unable to render
","0","1655948027302","TrackingSimulator.kt","1.1.3 for 2021-2022 @t1",
"e","","","0","1655948027302","TrackingSimulator.kt","1.1.3 for 2021-2022 @t1",
