"e","","No Phanon history found: C:/Users/Alexis/IdeaProjects/RegexDetector/gradle/wrapper/showyourwork/showyourwork.log Player unable to render
","0","1655948027239","gradle-wrapper.properties","1.1.3 for 2021-2022 @t1",
"e","distributionBase=GRADLE_USER_HOME
distributionPath=wrapper/dists
distributionUrl=https\://services.gradle.org/distributions/gradle-6.9-bin.zip
zipStoreBase=GRADLE_USER_HOME
zipStorePath=wrapper/dists","","0","1655948027239","gradle-wrapper.properties","1.1.3 for 2021-2022 @t1",
"e","","No Phanon history found: C:/Users/Alexis/IdeaProjects/RegexDetector/gradle/wrapper/showyourwork/showyourwork.log Player unable to render
","0","1655948027258","gradle-wrapper.properties","1.1.3 for 2021-2022 @t1",
"e","distributionBase=GRADLE_USER_HOME
distributionPath=wrapper/dists
distributionUrl=https\://services.gradle.org/distributions/gradle-6.9-bin.zip
zipStoreBase=GRADLE_USER_HOME
zipStorePath=wrapper/dists","","0","1655948027258","gradle-wrapper.properties","1.1.3 for 2021-2022 @t1",
"e","","No Phanon history found: C:/Users/Alexis/IdeaProjects/RegexDetector/gradle/wrapper/showyourwork/showyourwork.log Player unable to render
","0","1655948027284","gradle-wrapper.properties","1.1.3 for 2021-2022 @t1",
"e","distributionBase=GRADLE_USER_HOME
distributionPath=wrapper/dists
distributionUrl=https\://services.gradle.org/distributions/gradle-6.9-bin.zip
zipStoreBase=GRADLE_USER_HOME
zipStorePath=wrapper/dists","","0","1655948027284","gradle-wrapper.properties","1.1.3 for 2021-2022 @t1",
"e","","No Phanon history found: C:/Users/Alexis/IdeaProjects/RegexDetector/gradle/wrapper/showyourwork/showyourwork.log Player unable to render
","0","1655948027300","gradle-wrapper.properties","1.1.3 for 2021-2022 @t1",
"e","distributionBase=GRADLE_USER_HOME
distributionPath=wrapper/dists
distributionUrl=https\://services.gradle.org/distributions/gradle-6.9-bin.zip
zipStoreBase=GRADLE_USER_HOME
zipStorePath=wrapper/dists","","0","1655948027300","gradle-wrapper.properties","1.1.3 for 2021-2022 @t1",
"e","","6.9","131","1655948066253","gradle-wrapper.properties","1.1.3 for 2021-2022 @t1",
"e","7","","131","1655948066258","gradle-wrapper.properties","1.1.3 for 2021-2022 @t1",
"k","7",,"132","1655948066262","gradle-wrapper.properties","1.1.3 for 2021-2022 @t1",
"e",".","","132","1655948066382","gradle-wrapper.properties","1.1.3 for 2021-2022 @t1",
"k",".",,"133","1655948066383","gradle-wrapper.properties","1.1.3 for 2021-2022 @t1",
"e","5","","133","1655948066560","gradle-wrapper.properties","1.1.3 for 2021-2022 @t1",
"k","5",,"134","1655948066566","gradle-wrapper.properties","1.1.3 for 2021-2022 @t1",
"e",".","","134","1655948066728","gradle-wrapper.properties","1.1.3 for 2021-2022 @t1",
"k",".",,"135","1655948066730","gradle-wrapper.properties","1.1.3 for 2021-2022 @t1",
"a","Backspace",,,"1655948067106","gradle-wrapper.properties","1.1.3 for 2021-2022 @t1",
"e","",".","134","1655948067120","gradle-wrapper.properties","1.1.3 for 2021-2022 @t1",
"e","4","","134","1655948067712","gradle-wrapper.properties","1.1.3 for 2021-2022 @t1",
"k","4",,"135","1655948067713","gradle-wrapper.properties","1.1.3 for 2021-2022 @t1",
"a","Backspace",,,"1655948068049","gradle-wrapper.properties","1.1.3 for 2021-2022 @t1",
"e","","4","134","1655948068052","gradle-wrapper.properties","1.1.3 for 2021-2022 @t1",
"a","Backspace",,,"1655948068193","gradle-wrapper.properties","1.1.3 for 2021-2022 @t1",
"e","","5","133","1655948068196","gradle-wrapper.properties","1.1.3 for 2021-2022 @t1",
"e","4","","133","1655948068258","gradle-wrapper.properties","1.1.3 for 2021-2022 @t1",
"k","4",,"134","1655948068259","gradle-wrapper.properties","1.1.3 for 2021-2022 @t1",
"e",".","","134","1655948068367","gradle-wrapper.properties","1.1.3 for 2021-2022 @t1",
"k",".",,"135","1655948068368","gradle-wrapper.properties","1.1.3 for 2021-2022 @t1",
"e","2","","135","1655948068572","gradle-wrapper.properties","1.1.3 for 2021-2022 @t1",
"k","2",,"136","1655948068573","gradle-wrapper.properties","1.1.3 for 2021-2022 @t1",
"a","Reload From Disk",,,"1655948102443","gradle-wrapper.properties","1.1.3 for 2021-2022 @t1",
"e","
","","201","1655948102447","gradle-wrapper.properties","1.1.3 for 2021-2022 @t1",
"a","Close Active Editor",,,"1655948112865","gradle-wrapper.properties","1.1.3 for 2021-2022 @t1",
"a","Close Active Editor",,,"1655948114199","gradle-wrapper.properties","1.1.3 for 2021-2022 @t1",
"a","Close Active Editor",,,"1655948115105","gradle-wrapper.properties","1.1.3 for 2021-2022 @t1",
"a","Close Active Editor",,,"1655948116113","gradle-wrapper.properties","1.1.3 for 2021-2022 @t1",
"a","Undefined",,,"1655948156754","gradle-wrapper.properties","1.1.3 for 2021-2022 @t1",
"a","Undefined",,,"1655948156910","gradle-wrapper.properties","1.1.3 for 2021-2022 @t1",
"a","Undefined",,,"1655948156911","gradle-wrapper.properties","1.1.3 for 2021-2022 @t1",
"a","Undefined",,,"1655948156912","gradle-wrapper.properties","1.1.3 for 2021-2022 @t1",
"a","Close Active Editor",,,"1655949329135","gradle-wrapper.properties","1.1.3 for 2021-2022 @t1",
"a","Close Active Editor",,,"1655949403218","gradle-wrapper.properties","1.1.3 for 2021-2022 @t1",
"a","Close Active Editor",,,"1655949445155","gradle-wrapper.properties","1.1.3 for 2021-2022 @t1",
"a","Reload From Disk",,,"1655949559172","gradle-wrapper.properties","1.1.3 for 2021-2022 @t1",
"a","EditorChange",,,"1655949564876","gradle-wrapper.properties","1.1.3 for 2021-2022 @t1",
